Log file open, 01/08/23 22:39:22
LogWindows: Failed to load 'aqProf.dll' (GetLastError=126)
LogWindows: File 'aqProf.dll' does not exist
LogWindows: Failed to load 'VtuneApi.dll' (GetLastError=126)
LogWindows: File 'VtuneApi.dll' does not exist
LogWindows: Failed to load 'VtuneApi32e.dll' (GetLastError=126)
LogWindows: File 'VtuneApi32e.dll' does not exist
LogConsoleResponse: Display: Failed to find resolution value strings in scalability ini. Falling back to default.
LogConsoleResponse: Display: Failed to find resolution value strings in scalability ini. Falling back to default.
LogPakFile: Display: Found Pak file ../../../Orca/Content/Paks/Orca-WindowsNoEditor.pak attempting to mount.
LogPakFile: Display: Mounting pak file ../../../Orca/Content/Paks/Orca-WindowsNoEditor.pak.
LogPakFile: PakFile PrimaryIndexSize=49410
LogPakFile: PakFile PathHashIndexSize=58096
LogPakFile: PakFile FullDirectoryIndexSize=86844
LogShaderLibrary: Display: ShaderCodeLibraryPakFileMountedCallback: PakFile '../../../Orca/Content/Paks/Orca-WindowsNoEditor.pak' (chunk index -1, root '../../../') mounted
LogShaderLibrary: Display: ShaderCodeLibraryPakFileMountedCallback: pending pak file info (ChunkID:-1 Root:../../../ File:../../../Orca/Content/Paks/Orca-WindowsNoEditor.pak)
LogPakFile: OnPakFileMounted2Time == 0.000039
LogPlatformFile: Not using cached read wrapper
LogTaskGraph: Started task graph with 5 named threads and 35 total threads with 3 sets of task threads.
LogStats: Stats thread started at 0.118923
LogICUInternationalization: ICU TimeZone Detection - Raw Offset: -5:00, Platform Override: ''
LogInit: Display: Loading text-based GConfig....
LogPluginManager: Mounting plugin Paper2D
LogPluginManager: Mounting plugin AISupport
LogPluginManager: Mounting plugin EnvironmentQueryEditor
LogPluginManager: Mounting plugin LightPropagationVolume
LogPluginManager: Mounting plugin CameraShakePreviewer
LogPluginManager: Mounting plugin GameplayCameras
LogPluginManager: Mounting plugin TemplateSequence
LogPluginManager: Mounting plugin LevelSequenceEditor
LogPluginManager: Mounting plugin OodleData
LogPluginManager: Mounting plugin OodleNetwork
LogPluginManager: Mounting plugin AnimationSharing
LogPluginManager: Mounting plugin SignificanceManager
LogPluginManager: Mounting plugin PixWinPlugin
LogPluginManager: Mounting plugin PluginUtils
LogPluginManager: Mounting plugin PropertyAccessEditor
LogPluginManager: Mounting plugin UObjectPlugin
LogPluginManager: Mounting plugin AssetManagerEditor
LogPluginManager: Mounting plugin FacialAnimation
LogPluginManager: Mounting plugin GeometryMode
LogPluginManager: Mounting plugin SpeedTreeImporter
LogPluginManager: Mounting plugin DatasmithContent
LogPluginManager: Mounting plugin VariantManagerContent
LogPluginManager: Mounting plugin AlembicImporter
LogPluginManager: Mounting plugin GeometryCache
LogPluginManager: Mounting plugin AutomationUtils
LogPluginManager: Mounting plugin ScreenshotTools
LogPluginManager: Mounting plugin BackChannel
LogPluginManager: Mounting plugin ChaosClothEditor
LogPluginManager: Mounting plugin ChaosCloth
LogPluginManager: Mounting plugin ChaosEditor
LogPluginManager: Mounting plugin PlanarCut
LogPluginManager: Mounting plugin GeometryProcessing
LogPluginManager: Mounting plugin EditableMesh
LogPluginManager: Mounting plugin GeometryCollectionPlugin
LogPluginManager: Mounting plugin ProceduralMeshComponent
LogPluginManager: Mounting plugin ChaosSolverPlugin
LogPluginManager: Mounting plugin ChaosNiagara
LogPluginManager: Mounting plugin Niagara
LogPluginManager: Mounting plugin PythonScriptPlugin
LogPluginManager: Mounting plugin CharacterAI
LogPluginManager: Mounting plugin MotoSynth
LogPluginManager: Mounting plugin OpenImageDenoise
LogPluginManager: Mounting plugin PlatformCrypto
LogPluginManager: Mounting plugin MagicLeapPassableWorld
LogPluginManager: Mounting plugin MagicLeap
LogPluginManager: Mounting plugin MLSDK
LogPluginManager: Mounting plugin MagicLeapLightEstimation
LogPluginManager: Mounting plugin AvfMedia
LogPluginManager: Mounting plugin ImgMedia
LogPluginManager: Mounting plugin MediaCompositing
LogPluginManager: Mounting plugin WmfMedia
LogPluginManager: Mounting plugin MeshPainting
LogPluginManager: Mounting plugin TcpMessaging
LogPluginManager: Mounting plugin UdpMessaging
LogPluginManager: Mounting plugin ActorSequence
LogPluginManager: Mounting plugin MatineeToLevelSequence
LogPluginManager: Mounting plugin OnlineSubsystemNull
LogPluginManager: Mounting plugin OnlineSubsystem
LogPluginManager: Mounting plugin OnlineSubsystemUtils
LogPluginManager: Mounting plugin LauncherChunkInstaller
LogPluginManager: Mounting plugin ActorLayerUtilities
LogPluginManager: Mounting plugin AndroidPermission
LogPluginManager: Mounting plugin AppleImageUtils
LogPluginManager: Mounting plugin ArchVisCharacter
LogPluginManager: Mounting plugin AssetTags
LogPluginManager: Mounting plugin AudioCapture
LogPluginManager: Mounting plugin CableComponent
LogPluginManager: Mounting plugin ChunkDownloader
LogPluginManager: Mounting plugin CustomMeshComponent
LogPluginManager: Mounting plugin ExampleDeviceProfileSelector
LogPluginManager: Mounting plugin GooglePAD
LogPluginManager: Mounting plugin LocationServicesBPLibrary
LogPluginManager: Mounting plugin MobilePatchingUtils
LogPluginManager: Mounting plugin OculusVR
LogPluginManager: Mounting plugin OpenXREyeTracker
LogPluginManager: Mounting plugin OpenXR
LogPluginManager: Mounting plugin OpenXRHandTracking
LogPluginManager: Mounting plugin LiveLink
LogPluginManager: Mounting plugin Takes
LogPluginManager: Mounting plugin PhysXVehicles
LogPluginManager: Mounting plugin RuntimePhysXCooking
LogPluginManager: Mounting plugin SoundFields
LogPluginManager: Mounting plugin SteamVR
LogPluginManager: Mounting plugin Synthesis
LogPluginManager: Mounting plugin AudioSynesthesia
LogPluginManager: Mounting plugin WebMMoviePlayer
LogPluginManager: Mounting plugin WebMMedia
LogPluginManager: Mounting plugin WindowsMoviePlayer
PixWinPlugin: PIX capture plugin failed to initialize! Check that the process is launched from PIX.
LogLuminAPIImpl: Warning: MLSDK not found.  This likely means the MLSDK environment variable is not set.
LogInit: Using libcurl 7.55.1-DEV
LogInit:  - built for x86_64-pc-win32
LogInit:  - supports SSL with OpenSSL/1.1.1
LogInit:  - supports HTTP deflate (compression) using libz 1.2.8
LogInit:  - other features:
LogInit:      CURL_VERSION_SSL
LogInit:      CURL_VERSION_LIBZ
LogInit:      CURL_VERSION_IPV6
LogInit:      CURL_VERSION_ASYNCHDNS
LogInit:      CURL_VERSION_LARGEFILE
LogInit:      CURL_VERSION_IDN
LogInit:  CurlRequestOptions (configurable via config and command line):
LogInit:  - bVerifyPeer = true  - Libcurl will verify peer certificate
LogInit:  - bUseHttpProxy = false  - Libcurl will NOT use HTTP proxy
LogInit:  - bDontReuseConnections = false  - Libcurl will reuse connections
LogInit:  - MaxHostConnections = 16  - Libcurl will limit the number of connections to a host
LogInit:  - LocalHostAddr = Default
LogInit:  - BufferSize = 65536
LogOnline: OSS: Creating online subsystem instance for: NULL
LogInit: WinSock: version 1.1 (2.2), MaxSocks=32767, MaxUdp=65467
LogOnline: OSS: TryLoadSubsystemAndSetDefault: Loaded subsystem for module [NULL]
LogOculusPluginWrapper: OculusPlugin initialized successfully
LogHMD: Failed initializing OVRPlugin 1.59.0
LogInit: Build: ++UE4+Release-4.27-CL-18319896
LogInit: Engine Version: 4.27.2-18319896+++UE4+Release-4.27
LogInit: Compatible Engine Version: 4.27.0-17155196+++UE4+Release-4.27
LogInit: Net CL: 17155196
LogInit: OS: Windows 10 (Release 2009) (), CPU: Intel(R) Core(TM) i7-8750H CPU @ 2.20GHz, GPU: Intel(R) UHD Graphics 630
LogInit: Compiled (64-bit): Nov 30 2021 07:26:28
LogInit: Compiled with Visual C++: 19.16.27032.01
LogInit: Build Configuration: Development
LogInit: Branch Name: ++UE4+Release-4.27
LogInit: Command Line: 
LogInit: Base Directory: C:/Users/Kidd/Desktop/dev/projs/Orca/Builds/WindowsNoEditor/Orca/Binaries/Win64/
LogInit: Allocator: binned2
LogInit: Installed Engine Build: 0
LogDevObjectVersion: Number of dev versions registered: 29
LogDevObjectVersion:   Dev-Blueprints (B0D832E4-1F89-4F0D-ACCF-7EB736FD4AA2): 10
LogDevObjectVersion:   Dev-Build (E1C64328-A22C-4D53-A36C-8E866417BD8C): 0
LogDevObjectVersion:   Dev-Core (375EC13C-06E4-48FB-B500-84F0262A717E): 4
LogDevObjectVersion:   Dev-Editor (E4B068ED-F494-42E9-A231-DA0B2E46BB41): 40
LogDevObjectVersion:   Dev-Framework (CFFC743F-43B0-4480-9391-14DF171D2073): 37
LogDevObjectVersion:   Dev-Mobile (B02B49B5-BB20-44E9-A304-32B752E40360): 3
LogDevObjectVersion:   Dev-Networking (A4E4105C-59A1-49B5-A7C5-40C4547EDFEE): 0
LogDevObjectVersion:   Dev-Online (39C831C9-5AE6-47DC-9A44-9C173E1C8E7C): 0
LogDevObjectVersion:   Dev-Physics (78F01B33-EBEA-4F98-B9B4-84EACCB95AA2): 14
LogDevObjectVersion:   Dev-Platform (6631380F-2D4D-43E0-8009-CF276956A95A): 0
LogDevObjectVersion:   Dev-Rendering (12F88B9F-8875-4AFC-A67C-D90C383ABD29): 45
LogDevObjectVersion:   Dev-Sequencer (7B5AE74C-D270-4C10-A958-57980B212A5A): 13
LogDevObjectVersion:   Dev-VR (D7296918-1DD6-4BDD-9DE2-64A83CC13884): 3
LogDevObjectVersion:   Dev-LoadTimes (C2A15278-BFE7-4AFE-6C17-90FF531DF755): 1
LogDevObjectVersion:   Private-Geometry (6EACA3D4-40EC-4CC1-B786-8BED09428FC5): 3
LogDevObjectVersion:   Dev-AnimPhys (29E575DD-E0A3-4627-9D10-D276232CDCEA): 17
LogDevObjectVersion:   Dev-Anim (AF43A65D-7FD3-4947-9873-3E8ED9C1BB05): 15
LogDevObjectVersion:   Dev-ReflectionCapture (6B266CEC-1EC7-4B8F-A30B-E4D90942FC07): 1
LogDevObjectVersion:   Dev-Automation (0DF73D61-A23F-47EA-B727-89E90C41499A): 1
LogDevObjectVersion:   FortniteMain (601D1886-AC64-4F84-AA16-D3DE0DEAC7D6): 47
LogDevObjectVersion:   FortniteRelease (E7086368-6B23-4C58-8439-1B7016265E91): 1
LogDevObjectVersion:   Dev-Enterprise (9DFFBCD6-494F-0158-E221-12823C92A888): 10
LogDevObjectVersion:   Dev-Niagara (F2AED0AC-9AFE-416F-8664-AA7FFA26D6FC): 1
LogDevObjectVersion:   Dev-Destruction (174F1F0B-B4C6-45A5-B13F-2EE8D0FB917D): 10
LogDevObjectVersion:   Dev-Physics-Ext (35F94A83-E258-406C-A318-09F59610247C): 41
LogDevObjectVersion:   Dev-PhysicsMaterial-Chaos (B68FC16E-8B1B-42E2-B453-215C058844FE): 1
LogDevObjectVersion:   Dev-CineCamera (B2E18506-4273-CFC2-A54E-F4BB758BBA07): 1
LogDevObjectVersion:   Dev-VirtualProduction (64F58936-FD1B-42BA-BA96-7289D5D0FA4E): 1
LogDevObjectVersion:   Dev-MediaFramework (6F0ED827-A609-4895-9C91-998D90180EA4): 2
LogInit: Presizing for max 2097152 objects, including 1 objects not considered by GC, pre-allocating 0 bytes for permanent pool.
LogConfig: Applying CVar settings from Section [/Script/Engine.StreamingSettings] File [../../../Orca/Saved/Config/WindowsNoEditor/Engine.ini]
LogConfig: Setting CVar [[s.MinBulkDataSizeForAsyncLoading:131072]]
LogConfig: Setting CVar [[s.AsyncLoadingThreadEnabled:0]]
LogConfig: Setting CVar [[s.EventDrivenLoaderEnabled:1]]
LogConfig: Setting CVar [[s.WarnIfTimeLimitExceeded:0]]
LogConfig: Setting CVar [[s.TimeLimitExceededMultiplier:1.5]]
LogConfig: Setting CVar [[s.TimeLimitExceededMinTime:0.005]]
LogConfig: Setting CVar [[s.UseBackgroundLevelStreaming:1]]
LogConfig: Setting CVar [[s.PriorityAsyncLoadingExtraTime:15.0]]
LogConfig: Setting CVar [[s.LevelStreamingActorsUpdateTimeLimit:5.0]]
LogConfig: Setting CVar [[s.PriorityLevelStreamingActorsUpdateExtraTime:5.0]]
LogConfig: Setting CVar [[s.LevelStreamingComponentsRegistrationGranularity:10]]
LogConfig: Setting CVar [[s.UnregisterComponentsTimeLimit:1.0]]
LogConfig: Setting CVar [[s.LevelStreamingComponentsUnregistrationGranularity:5]]
LogConfig: Setting CVar [[s.FlushStreamingOnExit:1]]
LogStreaming: Display: Async Loading initialized: Event Driven Loader: true, Async Loading Thread: false, Async Post Load: true
LogInit: Object subsystem initialized
LogConfig: Setting CVar [[con.DebugEarlyDefault:1]]
LogConfig: Setting CVar [[r.setres:1280x720]]
LogConfig: Setting CVar [[fx.NiagaraAllowRuntimeScalabilityChanges:1]]
[2023.01.09-03.39.22:816][  0]LogConfig: Setting CVar [[con.DebugEarlyDefault:1]]
[2023.01.09-03.39.22:816][  0]LogConfig: Setting CVar [[r.setres:1280x720]]
[2023.01.09-03.39.22:816][  0]LogConfig: Setting CVar [[fx.NiagaraAllowRuntimeScalabilityChanges:1]]
[2023.01.09-03.39.22:816][  0]LogConfig: Applying CVar settings from Section [/Script/Engine.RendererSettings] File [../../../Orca/Saved/Config/WindowsNoEditor/Engine.ini]
[2023.01.09-03.39.22:816][  0]LogConfig: Setting CVar [[r.GPUCrashDebugging:0]]
[2023.01.09-03.39.22:816][  0]LogConfig: Setting CVar [[r.ForwardShading:1]]
[2023.01.09-03.39.22:816][  0]LogConfig: Applying CVar settings from Section [/Script/Engine.RendererOverrideSettings] File [../../../Orca/Saved/Config/WindowsNoEditor/Engine.ini]
[2023.01.09-03.39.22:816][  0]LogConfig: Applying CVar settings from Section [/Script/Engine.StreamingSettings] File [../../../Orca/Saved/Config/WindowsNoEditor/Engine.ini]
[2023.01.09-03.39.22:817][  0]LogConfig: Setting CVar [[s.MinBulkDataSizeForAsyncLoading:131072]]
[2023.01.09-03.39.22:817][  0]LogConfig: Setting CVar [[s.AsyncLoadingThreadEnabled:0]]
[2023.01.09-03.39.22:817][  0]LogConfig: Setting CVar [[s.EventDrivenLoaderEnabled:1]]
[2023.01.09-03.39.22:817][  0]LogConfig: Setting CVar [[s.WarnIfTimeLimitExceeded:0]]
[2023.01.09-03.39.22:817][  0]LogConfig: Setting CVar [[s.TimeLimitExceededMultiplier:1.5]]
[2023.01.09-03.39.22:817][  0]LogConfig: Setting CVar [[s.TimeLimitExceededMinTime:0.005]]
[2023.01.09-03.39.22:817][  0]LogConfig: Setting CVar [[s.UseBackgroundLevelStreaming:1]]
[2023.01.09-03.39.22:817][  0]LogConfig: Setting CVar [[s.PriorityAsyncLoadingExtraTime:15.0]]
[2023.01.09-03.39.22:817][  0]LogConfig: Setting CVar [[s.LevelStreamingActorsUpdateTimeLimit:5.0]]
[2023.01.09-03.39.22:817][  0]LogConfig: Setting CVar [[s.PriorityLevelStreamingActorsUpdateExtraTime:5.0]]
[2023.01.09-03.39.22:817][  0]LogConfig: Setting CVar [[s.LevelStreamingComponentsRegistrationGranularity:10]]
[2023.01.09-03.39.22:817][  0]LogConfig: Setting CVar [[s.UnregisterComponentsTimeLimit:1.0]]
[2023.01.09-03.39.22:817][  0]LogConfig: Setting CVar [[s.LevelStreamingComponentsUnregistrationGranularity:5]]
[2023.01.09-03.39.22:817][  0]LogConfig: Setting CVar [[s.FlushStreamingOnExit:1]]
[2023.01.09-03.39.22:817][  0]LogConfig: Applying CVar settings from Section [/Script/Engine.GarbageCollectionSettings] File [../../../Orca/Saved/Config/WindowsNoEditor/Engine.ini]
[2023.01.09-03.39.22:817][  0]LogConfig: Setting CVar [[gc.MaxObjectsNotConsideredByGC:1]]
[2023.01.09-03.39.22:817][  0]LogConfig: Setting CVar [[gc.SizeOfPermanentObjectPool:0]]
[2023.01.09-03.39.22:817][  0]LogConfig: Setting CVar [[gc.FlushStreamingOnGC:0]]
[2023.01.09-03.39.22:817][  0]LogConfig: Setting CVar [[gc.NumRetriesBeforeForcingGC:10]]
[2023.01.09-03.39.22:817][  0]LogConfig: Setting CVar [[gc.AllowParallelGC:1]]
[2023.01.09-03.39.22:817][  0]LogConfig: Setting CVar [[gc.TimeBetweenPurgingPendingKillObjects:61.1]]
[2023.01.09-03.39.22:817][  0]LogConfig: Setting CVar [[gc.MaxObjectsInEditor:25165824]]
[2023.01.09-03.39.22:817][  0]LogConfig: Setting CVar [[gc.IncrementalBeginDestroyEnabled:1]]
[2023.01.09-03.39.22:817][  0]LogConfig: Setting CVar [[gc.CreateGCClusters:1]]
[2023.01.09-03.39.22:817][  0]LogConfig: Setting CVar [[gc.MinGCClusterSize:5]]
[2023.01.09-03.39.22:817][  0]LogConfig: Setting CVar [[gc.ActorClusteringEnabled:0]]
[2023.01.09-03.39.22:817][  0]LogConfig: Setting CVar [[gc.BlueprintClusteringEnabled:0]]
[2023.01.09-03.39.22:817][  0]LogConfig: Setting CVar [[gc.UseDisregardForGCOnDedicatedServers:0]]
[2023.01.09-03.39.22:817][  0]LogConfig: Setting CVar [[gc.MultithreadedDestructionEnabled:1]]
[2023.01.09-03.39.22:817][  0]LogConfig: Applying CVar settings from Section [/Script/Engine.NetworkSettings] File [../../../Orca/Saved/Config/WindowsNoEditor/Engine.ini]
[2023.01.09-03.39.22:828][  0]LogConfig: Applying CVar settings from Section [ViewDistanceQuality@3] File [../../../Orca/Saved/Config/WindowsNoEditor/Scalability.ini]
[2023.01.09-03.39.22:828][  0]LogConfig: Setting CVar [[r.SkeletalMeshLODBias:0]]
[2023.01.09-03.39.22:828][  0]LogConfig: Setting CVar [[r.ViewDistanceScale:1.0]]
[2023.01.09-03.39.22:828][  0]LogConfig: Applying CVar settings from Section [AntiAliasingQuality@3] File [../../../Orca/Saved/Config/WindowsNoEditor/Scalability.ini]
[2023.01.09-03.39.22:828][  0]LogConfig: Setting CVar [[r.PostProcessAAQuality:4]]
[2023.01.09-03.39.22:828][  0]LogConfig: Applying CVar settings from Section [ShadowQuality@3] File [../../../Orca/Saved/Config/WindowsNoEditor/Scalability.ini]
[2023.01.09-03.39.22:828][  0]LogConfig: Setting CVar [[r.LightFunctionQuality:1]]
[2023.01.09-03.39.22:828][  0]LogConfig: Setting CVar [[r.ShadowQuality:5]]
[2023.01.09-03.39.22:828][  0]LogConfig: Setting CVar [[r.Shadow.CSM.MaxCascades:10]]
[2023.01.09-03.39.22:828][  0]LogConfig: Setting CVar [[r.Shadow.MaxResolution:2048]]
[2023.01.09-03.39.22:828][  0]LogConfig: Setting CVar [[r.Shadow.MaxCSMResolution:2048]]
[2023.01.09-03.39.22:828][  0]LogConfig: Setting CVar [[r.Shadow.RadiusThreshold:0.01]]
[2023.01.09-03.39.22:828][  0]LogConfig: Setting CVar [[r.Shadow.DistanceScale:1.0]]
[2023.01.09-03.39.22:828][  0]LogConfig: Setting CVar [[r.Shadow.CSM.TransitionScale:1.0]]
[2023.01.09-03.39.22:828][  0]LogConfig: Setting CVar [[r.Shadow.PreShadowResolutionFactor:1.0]]
[2023.01.09-03.39.22:828][  0]LogConfig: Setting CVar [[r.DistanceFieldShadowing:1]]
[2023.01.09-03.39.22:828][  0]LogConfig: Setting CVar [[r.DistanceFieldAO:1]]
[2023.01.09-03.39.22:828][  0]LogConfig: Setting CVar [[r.AOQuality:2]]
[2023.01.09-03.39.22:828][  0]LogConfig: Setting CVar [[r.VolumetricFog:1]]
[2023.01.09-03.39.22:828][  0]LogConfig: Setting CVar [[r.VolumetricFog.GridPixelSize:8]]
[2023.01.09-03.39.22:828][  0]LogConfig: Setting CVar [[r.VolumetricFog.GridSizeZ:128]]
[2023.01.09-03.39.22:828][  0]LogConfig: Setting CVar [[r.VolumetricFog.HistoryMissSupersampleCount:4]]
[2023.01.09-03.39.22:828][  0]LogConfig: Setting CVar [[r.LightMaxDrawDistanceScale:1]]
[2023.01.09-03.39.22:828][  0]LogConfig: Setting CVar [[r.CapsuleShadows:1]]
[2023.01.09-03.39.22:828][  0]LogConfig: Applying CVar settings from Section [PostProcessQuality@3] File [../../../Orca/Saved/Config/WindowsNoEditor/Scalability.ini]
[2023.01.09-03.39.22:828][  0]LogConfig: Setting CVar [[r.MotionBlurQuality:4]]
[2023.01.09-03.39.22:828][  0]LogConfig: Setting CVar [[r.AmbientOcclusionMipLevelFactor:0.4]]
[2023.01.09-03.39.22:828][  0]LogConfig: Setting CVar [[r.AmbientOcclusionMaxQuality:100]]
[2023.01.09-03.39.22:829][  0]LogConfig: Setting CVar [[r.AmbientOcclusionLevels:-1]]
[2023.01.09-03.39.22:829][  0]LogConfig: Setting CVar [[r.AmbientOcclusionRadiusScale:1.0]]
[2023.01.09-03.39.22:829][  0]LogConfig: Setting CVar [[r.DepthOfFieldQuality:2]]
[2023.01.09-03.39.22:829][  0]LogConfig: Setting CVar [[r.RenderTargetPoolMin:400]]
[2023.01.09-03.39.22:829][  0]LogConfig: Setting CVar [[r.LensFlareQuality:2]]
[2023.01.09-03.39.22:829][  0]LogConfig: Setting CVar [[r.SceneColorFringeQuality:1]]
[2023.01.09-03.39.22:829][  0]LogConfig: Setting CVar [[r.EyeAdaptationQuality:2]]
[2023.01.09-03.39.22:829][  0]LogConfig: Setting CVar [[r.BloomQuality:5]]
[2023.01.09-03.39.22:829][  0]LogConfig: Setting CVar [[r.FastBlurThreshold:100]]
[2023.01.09-03.39.22:829][  0]LogConfig: Setting CVar [[r.Upscale.Quality:3]]
[2023.01.09-03.39.22:829][  0]LogConfig: Setting CVar [[r.Tonemapper.GrainQuantization:1]]
[2023.01.09-03.39.22:829][  0]LogConfig: Setting CVar [[r.LightShaftQuality:1]]
[2023.01.09-03.39.22:829][  0]LogConfig: Setting CVar [[r.Filter.SizeScale:1]]
[2023.01.09-03.39.22:829][  0]LogConfig: Setting CVar [[r.Tonemapper.Quality:5]]
[2023.01.09-03.39.22:829][  0]LogConfig: Setting CVar [[r.DOF.Gather.AccumulatorQuality:1        ; higher gathering accumulator quality]]
[2023.01.09-03.39.22:829][  0]LogConfig: Setting CVar [[r.DOF.Gather.PostfilterMethod:1          ; Median3x3 postfilering method]]
[2023.01.09-03.39.22:829][  0]LogConfig: Setting CVar [[r.DOF.Gather.EnableBokehSettings:0       ; no bokeh simulation when gathering]]
[2023.01.09-03.39.22:829][  0]LogConfig: Setting CVar [[r.DOF.Gather.RingCount:4                 ; medium number of samples when gathering]]
[2023.01.09-03.39.22:829][  0]LogConfig: Setting CVar [[r.DOF.Scatter.ForegroundCompositing:1    ; additive foreground scattering]]
[2023.01.09-03.39.22:829][  0]LogConfig: Setting CVar [[r.DOF.Scatter.BackgroundCompositing:2    ; additive background scattering]]
[2023.01.09-03.39.22:829][  0]LogConfig: Setting CVar [[r.DOF.Scatter.EnableBokehSettings:1      ; bokeh simulation when scattering]]
[2023.01.09-03.39.22:829][  0]LogConfig: Setting CVar [[r.DOF.Scatter.MaxSpriteRatio:0.1         ; only a maximum of 10% of scattered bokeh]]
[2023.01.09-03.39.22:829][  0]LogConfig: Setting CVar [[r.DOF.Recombine.Quality:1                ; cheap slight out of focus]]
[2023.01.09-03.39.22:829][  0]LogConfig: Setting CVar [[r.DOF.Recombine.EnableBokehSettings:0    ; no bokeh simulation on slight out of focus]]
[2023.01.09-03.39.22:829][  0]LogConfig: Setting CVar [[r.DOF.TemporalAAQuality:1                ; more stable temporal accumulation]]
[2023.01.09-03.39.22:829][  0]LogConfig: Setting CVar [[r.DOF.Kernel.MaxForegroundRadius:0.025]]
[2023.01.09-03.39.22:829][  0]LogConfig: Setting CVar [[r.DOF.Kernel.MaxBackgroundRadius:0.025]]
[2023.01.09-03.39.22:829][  0]LogConfig: Applying CVar settings from Section [TextureQuality@3] File [../../../Orca/Saved/Config/WindowsNoEditor/Scalability.ini]
[2023.01.09-03.39.22:829][  0]LogConfig: Setting CVar [[r.Streaming.MipBias:0]]
[2023.01.09-03.39.22:829][  0]LogConfig: Setting CVar [[r.Streaming.AmortizeCPUToGPUCopy:0]]
[2023.01.09-03.39.22:829][  0]LogConfig: Setting CVar [[r.Streaming.MaxNumTexturesToStreamPerFrame:0]]
[2023.01.09-03.39.22:829][  0]LogConfig: Setting CVar [[r.Streaming.Boost:1]]
[2023.01.09-03.39.22:829][  0]LogConfig: Setting CVar [[r.MaxAnisotropy:8]]
[2023.01.09-03.39.22:829][  0]LogConfig: Setting CVar [[r.VT.MaxAnisotropy:8]]
[2023.01.09-03.39.22:829][  0]LogConfig: Setting CVar [[r.Streaming.LimitPoolSizeToVRAM:0]]
[2023.01.09-03.39.22:829][  0]LogConfig: Setting CVar [[r.Streaming.PoolSize:1000]]
[2023.01.09-03.39.22:829][  0]LogConfig: Setting CVar [[r.Streaming.MaxEffectiveScreenSize:0]]
[2023.01.09-03.39.22:829][  0]LogConfig: Applying CVar settings from Section [EffectsQuality@3] File [../../../Orca/Saved/Config/WindowsNoEditor/Scalability.ini]
[2023.01.09-03.39.22:829][  0]LogConfig: Setting CVar [[r.TranslucencyLightingVolumeDim:64]]
[2023.01.09-03.39.22:829][  0]LogConfig: Setting CVar [[r.RefractionQuality:2]]
[2023.01.09-03.39.22:829][  0]LogConfig: Setting CVar [[r.SSR.Quality:3]]
[2023.01.09-03.39.22:829][  0]LogConfig: Setting CVar [[r.SSR.HalfResSceneColor:0]]
[2023.01.09-03.39.22:829][  0]LogConfig: Setting CVar [[r.SceneColorFormat:4]]
[2023.01.09-03.39.22:829][  0]LogConfig: Setting CVar [[r.DetailMode:2]]
[2023.01.09-03.39.22:829][  0]LogConfig: Setting CVar [[r.TranslucencyVolumeBlur:1]]
[2023.01.09-03.39.22:829][  0]LogConfig: Setting CVar [[r.MaterialQualityLevel:1 ; High quality]]
[2023.01.09-03.39.22:829][  0]LogConfig: Setting CVar [[r.AnisotropicMaterials:1]]
[2023.01.09-03.39.22:829][  0]LogConfig: Setting CVar [[r.SSS.Scale:1]]
[2023.01.09-03.39.22:829][  0]LogConfig: Setting CVar [[r.SSS.SampleSet:2]]
[2023.01.09-03.39.22:829][  0]LogConfig: Setting CVar [[r.SSS.Quality:1]]
[2023.01.09-03.39.22:829][  0]LogConfig: Setting CVar [[r.SSS.HalfRes:0]]
[2023.01.09-03.39.22:829][  0]LogConfig: Setting CVar [[r.SSGI.Quality:3]]
[2023.01.09-03.39.22:829][  0]LogConfig: Setting CVar [[r.EmitterSpawnRateScale:1.0]]
[2023.01.09-03.39.22:829][  0]LogConfig: Setting CVar [[r.ParticleLightQuality:2]]
[2023.01.09-03.39.22:829][  0]LogConfig: Setting CVar [[r.SkyAtmosphere.AerialPerspectiveLUT.FastApplyOnOpaque:1 ; Always have FastSkyLUT 1 in this case to avoid wrong sky]]
[2023.01.09-03.39.22:829][  0]LogConfig: Setting CVar [[r.SkyAtmosphere.AerialPerspectiveLUT.SampleCountMaxPerSlice:4]]
[2023.01.09-03.39.22:829][  0]LogConfig: Setting CVar [[r.SkyAtmosphere.AerialPerspectiveLUT.DepthResolution:16.0]]
[2023.01.09-03.39.22:829][  0]LogConfig: Setting CVar [[r.SkyAtmosphere.FastSkyLUT:1]]
[2023.01.09-03.39.22:829][  0]LogConfig: Setting CVar [[r.SkyAtmosphere.FastSkyLUT.SampleCountMin:4.0]]
[2023.01.09-03.39.22:829][  0]LogConfig: Setting CVar [[r.SkyAtmosphere.FastSkyLUT.SampleCountMax:128.0]]
[2023.01.09-03.39.22:829][  0]LogConfig: Setting CVar [[r.SkyAtmosphere.SampleCountMin:4.0]]
[2023.01.09-03.39.22:829][  0]LogConfig: Setting CVar [[r.SkyAtmosphere.SampleCountMax:128.0]]
[2023.01.09-03.39.22:829][  0]LogConfig: Setting CVar [[r.SkyAtmosphere.TransmittanceLUT.UseSmallFormat:0]]
[2023.01.09-03.39.22:829][  0]LogConfig: Setting CVar [[r.SkyAtmosphere.TransmittanceLUT.SampleCount:10.0]]
[2023.01.09-03.39.22:829][  0]LogConfig: Setting CVar [[r.SkyAtmosphere.MultiScatteringLUT.SampleCount:15.0]]
[2023.01.09-03.39.22:829][  0]LogConfig: Setting CVar [[r.SkyLight.RealTimeReflectionCapture:1]]
[2023.01.09-03.39.22:829][  0]LogConfig: Setting CVar [[fx.Niagara.QualityLevel:3]]
[2023.01.09-03.39.22:829][  0]LogConfig: Applying CVar settings from Section [FoliageQuality@3] File [../../../Orca/Saved/Config/WindowsNoEditor/Scalability.ini]
[2023.01.09-03.39.22:829][  0]LogConfig: Setting CVar [[foliage.DensityScale:1.0]]
[2023.01.09-03.39.22:829][  0]LogConfig: Setting CVar [[grass.DensityScale:1.0]]
[2023.01.09-03.39.22:829][  0]LogConfig: Applying CVar settings from Section [ShadingQuality@3] File [../../../Orca/Saved/Config/WindowsNoEditor/Scalability.ini]
[2023.01.09-03.39.22:829][  0]LogConfig: Setting CVar [[r.HairStrands.SkyLighting.IntegrationType:2]]
[2023.01.09-03.39.22:829][  0]LogConfig: Setting CVar [[r.HairStrands.SkyAO.SampleCount:4]]
[2023.01.09-03.39.22:829][  0]LogConfig: Setting CVar [[r.HairStrands.Visibility.MSAA.SamplePerPixel:4]]
[2023.01.09-03.39.22:829][  0]LogInit: Selected Device Profile: [WindowsNoEditor]
[2023.01.09-03.39.22:829][  0]LogInit: Applying CVar settings loaded from the selected device profile: [WindowsNoEditor]
[2023.01.09-03.39.22:829][  0]LogHAL: Display: Platform has ~ 16 GB [17073324032 / 17179869184 / 16], which maps to Larger [LargestMinGB=32, LargerMinGB=12, DefaultMinGB=8, SmallerMinGB=6, SmallestMinGB=0)
[2023.01.09-03.39.22:829][  0]LogInit: Going up to parent DeviceProfile [Windows]
[2023.01.09-03.39.22:829][  0]LogInit: Going up to parent DeviceProfile []
[2023.01.09-03.39.22:830][  0]LogConfig: Applying CVar settings from Section [ViewDistanceQuality@3] File [../../../Orca/Saved/Config/WindowsNoEditor/Scalability.ini]
[2023.01.09-03.39.22:830][  0]LogConfig: Setting CVar [[r.SkeletalMeshLODBias:0]]
[2023.01.09-03.39.22:830][  0]LogConfig: Setting CVar [[r.ViewDistanceScale:1.0]]
[2023.01.09-03.39.22:830][  0]LogConfig: Applying CVar settings from Section [AntiAliasingQuality@3] File [../../../Orca/Saved/Config/WindowsNoEditor/Scalability.ini]
[2023.01.09-03.39.22:830][  0]LogConfig: Setting CVar [[r.PostProcessAAQuality:4]]
[2023.01.09-03.39.22:830][  0]LogConfig: Applying CVar settings from Section [ShadowQuality@3] File [../../../Orca/Saved/Config/WindowsNoEditor/Scalability.ini]
[2023.01.09-03.39.22:830][  0]LogConfig: Setting CVar [[r.LightFunctionQuality:1]]
[2023.01.09-03.39.22:830][  0]LogConfig: Setting CVar [[r.ShadowQuality:5]]
[2023.01.09-03.39.22:830][  0]LogConfig: Setting CVar [[r.Shadow.CSM.MaxCascades:10]]
[2023.01.09-03.39.22:830][  0]LogConfig: Setting CVar [[r.Shadow.MaxResolution:2048]]
[2023.01.09-03.39.22:830][  0]LogConfig: Setting CVar [[r.Shadow.MaxCSMResolution:2048]]
[2023.01.09-03.39.22:830][  0]LogConfig: Setting CVar [[r.Shadow.RadiusThreshold:0.01]]
[2023.01.09-03.39.22:830][  0]LogConfig: Setting CVar [[r.Shadow.DistanceScale:1.0]]
[2023.01.09-03.39.22:830][  0]LogConfig: Setting CVar [[r.Shadow.CSM.TransitionScale:1.0]]
[2023.01.09-03.39.22:830][  0]LogConfig: Setting CVar [[r.Shadow.PreShadowResolutionFactor:1.0]]
[2023.01.09-03.39.22:830][  0]LogConfig: Setting CVar [[r.DistanceFieldShadowing:1]]
[2023.01.09-03.39.22:830][  0]LogConfig: Setting CVar [[r.DistanceFieldAO:1]]
[2023.01.09-03.39.22:830][  0]LogConfig: Setting CVar [[r.AOQuality:2]]
[2023.01.09-03.39.22:830][  0]LogConfig: Setting CVar [[r.VolumetricFog:1]]
[2023.01.09-03.39.22:830][  0]LogConfig: Setting CVar [[r.VolumetricFog.GridPixelSize:8]]
[2023.01.09-03.39.22:830][  0]LogConfig: Setting CVar [[r.VolumetricFog.GridSizeZ:128]]
[2023.01.09-03.39.22:830][  0]LogConfig: Setting CVar [[r.VolumetricFog.HistoryMissSupersampleCount:4]]
[2023.01.09-03.39.22:830][  0]LogConfig: Setting CVar [[r.LightMaxDrawDistanceScale:1]]
[2023.01.09-03.39.22:830][  0]LogConfig: Setting CVar [[r.CapsuleShadows:1]]
[2023.01.09-03.39.22:830][  0]LogConfig: Applying CVar settings from Section [PostProcessQuality@3] File [../../../Orca/Saved/Config/WindowsNoEditor/Scalability.ini]
[2023.01.09-03.39.22:830][  0]LogConfig: Setting CVar [[r.MotionBlurQuality:4]]
[2023.01.09-03.39.22:830][  0]LogConfig: Setting CVar [[r.AmbientOcclusionMipLevelFactor:0.4]]
[2023.01.09-03.39.22:830][  0]LogConfig: Setting CVar [[r.AmbientOcclusionMaxQuality:100]]
[2023.01.09-03.39.22:830][  0]LogConfig: Setting CVar [[r.AmbientOcclusionLevels:-1]]
[2023.01.09-03.39.22:830][  0]LogConfig: Setting CVar [[r.AmbientOcclusionRadiusScale:1.0]]
[2023.01.09-03.39.22:830][  0]LogConfig: Setting CVar [[r.DepthOfFieldQuality:2]]
[2023.01.09-03.39.22:830][  0]LogConfig: Setting CVar [[r.RenderTargetPoolMin:400]]
[2023.01.09-03.39.22:830][  0]LogConfig: Setting CVar [[r.LensFlareQuality:2]]
[2023.01.09-03.39.22:830][  0]LogConfig: Setting CVar [[r.SceneColorFringeQuality:1]]
[2023.01.09-03.39.22:830][  0]LogConfig: Setting CVar [[r.EyeAdaptationQuality:2]]
[2023.01.09-03.39.22:830][  0]LogConfig: Setting CVar [[r.BloomQuality:5]]
[2023.01.09-03.39.22:830][  0]LogConfig: Setting CVar [[r.FastBlurThreshold:100]]
[2023.01.09-03.39.22:830][  0]LogConfig: Setting CVar [[r.Upscale.Quality:3]]
[2023.01.09-03.39.22:830][  0]LogConfig: Setting CVar [[r.Tonemapper.GrainQuantization:1]]
[2023.01.09-03.39.22:830][  0]LogConfig: Setting CVar [[r.LightShaftQuality:1]]
[2023.01.09-03.39.22:830][  0]LogConfig: Setting CVar [[r.Filter.SizeScale:1]]
[2023.01.09-03.39.22:830][  0]LogConfig: Setting CVar [[r.Tonemapper.Quality:5]]
[2023.01.09-03.39.22:830][  0]LogConfig: Setting CVar [[r.DOF.Gather.AccumulatorQuality:1        ; higher gathering accumulator quality]]
[2023.01.09-03.39.22:830][  0]LogConfig: Setting CVar [[r.DOF.Gather.PostfilterMethod:1          ; Median3x3 postfilering method]]
[2023.01.09-03.39.22:830][  0]LogConfig: Setting CVar [[r.DOF.Gather.EnableBokehSettings:0       ; no bokeh simulation when gathering]]
[2023.01.09-03.39.22:830][  0]LogConfig: Setting CVar [[r.DOF.Gather.RingCount:4                 ; medium number of samples when gathering]]
[2023.01.09-03.39.22:830][  0]LogConfig: Setting CVar [[r.DOF.Scatter.ForegroundCompositing:1    ; additive foreground scattering]]
[2023.01.09-03.39.22:830][  0]LogConfig: Setting CVar [[r.DOF.Scatter.BackgroundCompositing:2    ; additive background scattering]]
[2023.01.09-03.39.22:830][  0]LogConfig: Setting CVar [[r.DOF.Scatter.EnableBokehSettings:1      ; bokeh simulation when scattering]]
[2023.01.09-03.39.22:830][  0]LogConfig: Setting CVar [[r.DOF.Scatter.MaxSpriteRatio:0.1         ; only a maximum of 10% of scattered bokeh]]
[2023.01.09-03.39.22:830][  0]LogConfig: Setting CVar [[r.DOF.Recombine.Quality:1                ; cheap slight out of focus]]
[2023.01.09-03.39.22:830][  0]LogConfig: Setting CVar [[r.DOF.Recombine.EnableBokehSettings:0    ; no bokeh simulation on slight out of focus]]
[2023.01.09-03.39.22:830][  0]LogConfig: Setting CVar [[r.DOF.TemporalAAQuality:1                ; more stable temporal accumulation]]
[2023.01.09-03.39.22:830][  0]LogConfig: Setting CVar [[r.DOF.Kernel.MaxForegroundRadius:0.025]]
[2023.01.09-03.39.22:830][  0]LogConfig: Setting CVar [[r.DOF.Kernel.MaxBackgroundRadius:0.025]]
[2023.01.09-03.39.22:830][  0]LogConfig: Applying CVar settings from Section [TextureQuality@3] File [../../../Orca/Saved/Config/WindowsNoEditor/Scalability.ini]
[2023.01.09-03.39.22:830][  0]LogConfig: Setting CVar [[r.Streaming.MipBias:0]]
[2023.01.09-03.39.22:830][  0]LogConfig: Setting CVar [[r.Streaming.AmortizeCPUToGPUCopy:0]]
[2023.01.09-03.39.22:830][  0]LogConfig: Setting CVar [[r.Streaming.MaxNumTexturesToStreamPerFrame:0]]
[2023.01.09-03.39.22:830][  0]LogConfig: Setting CVar [[r.Streaming.Boost:1]]
[2023.01.09-03.39.22:830][  0]LogConfig: Setting CVar [[r.MaxAnisotropy:8]]
[2023.01.09-03.39.22:830][  0]LogConfig: Setting CVar [[r.VT.MaxAnisotropy:8]]
[2023.01.09-03.39.22:830][  0]LogConfig: Setting CVar [[r.Streaming.LimitPoolSizeToVRAM:0]]
[2023.01.09-03.39.22:830][  0]LogConfig: Setting CVar [[r.Streaming.PoolSize:1000]]
[2023.01.09-03.39.22:830][  0]LogConfig: Setting CVar [[r.Streaming.MaxEffectiveScreenSize:0]]
[2023.01.09-03.39.22:830][  0]LogConfig: Applying CVar settings from Section [EffectsQuality@3] File [../../../Orca/Saved/Config/WindowsNoEditor/Scalability.ini]
[2023.01.09-03.39.22:830][  0]LogConfig: Setting CVar [[r.TranslucencyLightingVolumeDim:64]]
[2023.01.09-03.39.22:830][  0]LogConfig: Setting CVar [[r.RefractionQuality:2]]
[2023.01.09-03.39.22:830][  0]LogConfig: Setting CVar [[r.SSR.Quality:3]]
[2023.01.09-03.39.22:830][  0]LogConfig: Setting CVar [[r.SSR.HalfResSceneColor:0]]
[2023.01.09-03.39.22:830][  0]LogConfig: Setting CVar [[r.SceneColorFormat:4]]
[2023.01.09-03.39.22:830][  0]LogConfig: Setting CVar [[r.DetailMode:2]]
[2023.01.09-03.39.22:830][  0]LogConfig: Setting CVar [[r.TranslucencyVolumeBlur:1]]
[2023.01.09-03.39.22:830][  0]LogConfig: Setting CVar [[r.MaterialQualityLevel:1 ; High quality]]
[2023.01.09-03.39.22:830][  0]LogConfig: Setting CVar [[r.AnisotropicMaterials:1]]
[2023.01.09-03.39.22:830][  0]LogConfig: Setting CVar [[r.SSS.Scale:1]]
[2023.01.09-03.39.22:830][  0]LogConfig: Setting CVar [[r.SSS.SampleSet:2]]
[2023.01.09-03.39.22:830][  0]LogConfig: Setting CVar [[r.SSS.Quality:1]]
[2023.01.09-03.39.22:830][  0]LogConfig: Setting CVar [[r.SSS.HalfRes:0]]
[2023.01.09-03.39.22:830][  0]LogConfig: Setting CVar [[r.SSGI.Quality:3]]
[2023.01.09-03.39.22:830][  0]LogConfig: Setting CVar [[r.EmitterSpawnRateScale:1.0]]
[2023.01.09-03.39.22:830][  0]LogConfig: Setting CVar [[r.ParticleLightQuality:2]]
[2023.01.09-03.39.22:830][  0]LogConfig: Setting CVar [[r.SkyAtmosphere.AerialPerspectiveLUT.FastApplyOnOpaque:1 ; Always have FastSkyLUT 1 in this case to avoid wrong sky]]
[2023.01.09-03.39.22:830][  0]LogConfig: Setting CVar [[r.SkyAtmosphere.AerialPerspectiveLUT.SampleCountMaxPerSlice:4]]
[2023.01.09-03.39.22:830][  0]LogConfig: Setting CVar [[r.SkyAtmosphere.AerialPerspectiveLUT.DepthResolution:16.0]]
[2023.01.09-03.39.22:830][  0]LogConfig: Setting CVar [[r.SkyAtmosphere.FastSkyLUT:1]]
[2023.01.09-03.39.22:831][  0]LogConfig: Setting CVar [[r.SkyAtmosphere.FastSkyLUT.SampleCountMin:4.0]]
[2023.01.09-03.39.22:831][  0]LogConfig: Setting CVar [[r.SkyAtmosphere.FastSkyLUT.SampleCountMax:128.0]]
[2023.01.09-03.39.22:831][  0]LogConfig: Setting CVar [[r.SkyAtmosphere.SampleCountMin:4.0]]
[2023.01.09-03.39.22:831][  0]LogConfig: Setting CVar [[r.SkyAtmosphere.SampleCountMax:128.0]]
[2023.01.09-03.39.22:831][  0]LogConfig: Setting CVar [[r.SkyAtmosphere.TransmittanceLUT.UseSmallFormat:0]]
[2023.01.09-03.39.22:831][  0]LogConfig: Setting CVar [[r.SkyAtmosphere.TransmittanceLUT.SampleCount:10.0]]
[2023.01.09-03.39.22:831][  0]LogConfig: Setting CVar [[r.SkyAtmosphere.MultiScatteringLUT.SampleCount:15.0]]
[2023.01.09-03.39.22:831][  0]LogConfig: Setting CVar [[r.SkyLight.RealTimeReflectionCapture:1]]
[2023.01.09-03.39.22:831][  0]LogConfig: Setting CVar [[fx.Niagara.QualityLevel:3]]
[2023.01.09-03.39.22:831][  0]LogConfig: Applying CVar settings from Section [FoliageQuality@3] File [../../../Orca/Saved/Config/WindowsNoEditor/Scalability.ini]
[2023.01.09-03.39.22:831][  0]LogConfig: Setting CVar [[foliage.DensityScale:1.0]]
[2023.01.09-03.39.22:831][  0]LogConfig: Setting CVar [[grass.DensityScale:1.0]]
[2023.01.09-03.39.22:831][  0]LogConfig: Applying CVar settings from Section [ShadingQuality@3] File [../../../Orca/Saved/Config/WindowsNoEditor/Scalability.ini]
[2023.01.09-03.39.22:831][  0]LogConfig: Setting CVar [[r.HairStrands.SkyLighting.IntegrationType:2]]
[2023.01.09-03.39.22:831][  0]LogConfig: Setting CVar [[r.HairStrands.SkyAO.SampleCount:4]]
[2023.01.09-03.39.22:831][  0]LogConfig: Setting CVar [[r.HairStrands.Visibility.MSAA.SamplePerPixel:4]]
[2023.01.09-03.39.22:831][  0]LogConfig: Applying CVar settings from Section [Startup] File [../../../Engine/Config/ConsoleVariables.ini]
[2023.01.09-03.39.22:831][  0]LogConfig: Setting CVar [[net.UseAdaptiveNetUpdateFrequency:0]]
[2023.01.09-03.39.22:831][  0]LogConfig: Setting CVar [[p.chaos.AllowCreatePhysxBodies:1]]
[2023.01.09-03.39.22:831][  0]LogConfig: Setting CVar [[fx.SkipVectorVMBackendOptimizations:1]]
[2023.01.09-03.39.22:831][  0]LogConfig: Applying CVar settings from Section [ConsoleVariables] File [../../../Orca/Saved/Config/WindowsNoEditor/Engine.ini]
[2023.01.09-03.39.22:831][  0]LogInit: Computer: LAPTOP-2TNDHMA0
[2023.01.09-03.39.22:831][  0]LogInit: User: Kidd
[2023.01.09-03.39.22:831][  0]LogInit: CPU Page size=4096, Cores=6
[2023.01.09-03.39.22:831][  0]LogInit: High frequency timer resolution =10.000000 MHz
[2023.01.09-03.39.22:831][  0]LogMemory: Memory total: Physical=15.9GB (16GB approx)
[2023.01.09-03.39.22:831][  0]LogMemory: Platform Memory Stats for WindowsNoEditor
[2023.01.09-03.39.22:831][  0]LogMemory: Process Physical Memory: 80.25 MB used, 80.26 MB peak
[2023.01.09-03.39.22:831][  0]LogMemory: Process Virtual Memory: 82.41 MB used, 82.41 MB peak
[2023.01.09-03.39.22:831][  0]LogMemory: Physical Memory: 11964.09 MB used,  4318.30 MB free, 16282.39 MB total
[2023.01.09-03.39.22:831][  0]LogMemory: Virtual Memory: 134206736.00 MB used,  10993.42 MB free, 134217728.00 MB total
[2023.01.09-03.39.22:839][  0]LogWindows: WindowsPlatformFeatures enabled
[2023.01.09-03.39.22:896][  0]LogInit: Physics initialised using underlying interface: PhysX
[2023.01.09-03.39.22:897][  0]LogInit: Using OS detected language (en-GB).
[2023.01.09-03.39.22:897][  0]LogInit: Using OS detected locale (en-MY).
[2023.01.09-03.39.22:897][  0]LogTextLocalizationManager: No specific localization for 'en-GB' exists, so the 'en' localization will be used.
[2023.01.09-03.39.22:922][  0]LogWindowsTextInputMethodSystem: Display: IME system deactivated.
[2023.01.09-03.39.22:940][  0]LogSlate: New Slate User Created.  User Index 0, Is Virtual User: 0
[2023.01.09-03.39.22:940][  0]LogSlate: Slate User Registered.  User Index 0, Is Virtual User: 0
[2023.01.09-03.39.22:969][  0]LogD3D11RHI: Loaded GFSDK_Aftermath_Lib.x64.dll
[2023.01.09-03.39.22:980][  0]LogHMD: Failed to initialize OpenVR with code 110
[2023.01.09-03.39.22:980][  0]LogD3D11RHI: D3D11 min allowed feature level: 11_0
[2023.01.09-03.39.22:980][  0]LogD3D11RHI: D3D11 max allowed feature level: 11_0
[2023.01.09-03.39.22:980][  0]LogD3D11RHI: D3D11 adapters:
[2023.01.09-03.39.23:091][  0]LogD3D11RHI:    0. 'NVIDIA GeForce RTX 2080 with Max-Q Design' (Feature Level 11_0)
[2023.01.09-03.39.23:091][  0]LogD3D11RHI:       8010/0/8141 MB DedicatedVideo/DedicatedSystem/SharedSystem, Outputs:1, VendorId:0x10de
[2023.01.09-03.39.23:136][  0]LogD3D11RHI:    1. 'Intel(R) UHD Graphics 630' (Feature Level 11_0)
[2023.01.09-03.39.23:136][  0]LogD3D11RHI:       128/0/8141 MB DedicatedVideo/DedicatedSystem/SharedSystem, Outputs:0, VendorId:0x8086
[2023.01.09-03.39.23:138][  0]LogD3D11RHI:    2. 'Microsoft Basic Render Driver' (Feature Level 11_0)
[2023.01.09-03.39.23:138][  0]LogD3D11RHI:       0/0/8141 MB DedicatedVideo/DedicatedSystem/SharedSystem, Outputs:0, VendorId:0x1414
[2023.01.09-03.39.23:138][  0]LogD3D11RHI: Chosen D3D11 Adapter:
[2023.01.09-03.39.23:138][  0]LogD3D11RHI:     Description : NVIDIA GeForce RTX 2080 with Max-Q Design
[2023.01.09-03.39.23:138][  0]LogD3D11RHI:     VendorId    : 10de
[2023.01.09-03.39.23:138][  0]LogD3D11RHI:     DeviceId    : 1e90
[2023.01.09-03.39.23:138][  0]LogD3D11RHI:     SubSysId    : 20021a58
[2023.01.09-03.39.23:138][  0]LogD3D11RHI:     Revision    : 00a1
[2023.01.09-03.39.23:138][  0]LogD3D11RHI:     DedicatedVideoMemory : 8399093760 bytes
[2023.01.09-03.39.23:138][  0]LogD3D11RHI:     DedicatedSystemMemory : 0 bytes
[2023.01.09-03.39.23:138][  0]LogD3D11RHI:     SharedSystemMemory : 8536662016 bytes
[2023.01.09-03.39.23:138][  0]LogD3D11RHI:     AdapterLuid : 0 66102
[2023.01.09-03.39.23:149][  0]LogD3D11RHI: Creating new Direct3DDevice
[2023.01.09-03.39.23:150][  0]LogD3D11RHI:     GPU DeviceId: 0x1e90 (for the marketing name, search the web for "GPU Device Id")
[2023.01.09-03.39.23:150][  0]LogWindows: EnumDisplayDevices:
[2023.01.09-03.39.23:150][  0]LogWindows:    0. 'Intel(R) UHD Graphics 630' (P:1 D:1)
[2023.01.09-03.39.23:150][  0]LogWindows:    1. 'Intel(R) UHD Graphics 630' (P:0 D:0)
[2023.01.09-03.39.23:150][  0]LogWindows:    2. 'Intel(R) UHD Graphics 630' (P:0 D:0)
[2023.01.09-03.39.23:150][  0]LogWindows:    3. 'NVIDIA GeForce RTX 2080 with Max-Q Design' (P:0 D:0)
[2023.01.09-03.39.23:151][  0]LogWindows:    4. 'NVIDIA GeForce RTX 2080 with Max-Q Design' (P:0 D:0)
[2023.01.09-03.39.23:151][  0]LogWindows:    5. 'NVIDIA GeForce RTX 2080 with Max-Q Design' (P:0 D:0)
[2023.01.09-03.39.23:151][  0]LogWindows:    6. 'NVIDIA GeForce RTX 2080 with Max-Q Design' (P:0 D:0)
[2023.01.09-03.39.23:151][  0]LogWindows: DebugString: PrimaryIsNotTheChoosenAdapter PrimaryIsNotTheChoosenAdapter PrimaryIsNotTheChoosenAdapter FoundDriverCount:4 
[2023.01.09-03.39.23:151][  0]LogD3D11RHI:     Adapter Name: NVIDIA GeForce RTX 2080 with Max-Q Design
[2023.01.09-03.39.23:151][  0]LogD3D11RHI:   Driver Version: 517.40 (internal:31.0.15.1740, unified:517.40)
[2023.01.09-03.39.23:151][  0]LogD3D11RHI:      Driver Date: 9-12-2022
[2023.01.09-03.39.23:151][  0]LogRHI: Texture pool is 5607 MB (70% of 8010 MB)
[2023.01.09-03.39.23:151][  0]LogD3D11RHI: Creating D3DDevice using adapter:
[2023.01.09-03.39.23:151][  0]LogD3D11RHI:     Description : NVIDIA GeForce RTX 2080 with Max-Q Design
[2023.01.09-03.39.23:151][  0]LogD3D11RHI:     VendorId    : 10de
[2023.01.09-03.39.23:151][  0]LogD3D11RHI:     DeviceId    : 1e90
[2023.01.09-03.39.23:151][  0]LogD3D11RHI:     SubSysId    : 20021a58
[2023.01.09-03.39.23:151][  0]LogD3D11RHI:     Revision    : 00a1
[2023.01.09-03.39.23:151][  0]LogD3D11RHI:     DedicatedVideoMemory : 8399093760 bytes
[2023.01.09-03.39.23:151][  0]LogD3D11RHI:     DedicatedSystemMemory : 0 bytes
[2023.01.09-03.39.23:152][  0]LogD3D11RHI:     SharedSystemMemory : 8536662016 bytes
[2023.01.09-03.39.23:152][  0]LogD3D11RHI:     AdapterLuid : 0 66102
[2023.01.09-03.39.23:218][  0]LogD3D11RHI: RHI has support for 64 bit atomics
[2023.01.09-03.39.23:218][  0]LogD3D11RHI: Async texture creation enabled
[2023.01.09-03.39.23:218][  0]LogD3D11RHI: Array index from any shader is supported
[2023.01.09-03.39.23:234][  0]LogD3D11RHI: GPU Timing Frequency: 1000.000000 (Debug: 2 1)
[2023.01.09-03.39.23:290][  0]LogRHI: GeForceNow SDK initialized: 1
[2023.01.09-03.39.23:291][  0]LogRendererCore: Ray tracing is disabled. Reason: r.RayTracing=0.
[2023.01.09-03.39.23:293][  0]LogShaderLibrary: Display: Using ../../../Orca/Content/ShaderArchive-Global-PCD3D_SM5.ushaderbytecode for material shader code. Total 1947 unique shaders.
[2023.01.09-03.39.23:293][  0]LogShaderLibrary: Display: Cooked Context: Using Shared Shader Library Global
[2023.01.09-03.39.23:293][  0]LogShaderLibrary: Display: Logical shader library 'Global' has been created, components 1
[2023.01.09-03.39.23:293][  0]LogTemp: Warning: Clearing the OS Cache
[2023.01.09-03.39.23:293][  0]LogODSC: ODSC Thread active.
[2023.01.09-03.39.23:296][  0]LogPakFile: New pak file ../../../Orca/Content/Paks/Orca-WindowsNoEditor.pak added to pak precacher.
[2023.01.09-03.39.23:316][  0]LogSlate: Using FreeType 2.10.0
[2023.01.09-03.39.23:317][  0]LogSlate: SlateFontServices - WITH_FREETYPE: 1, WITH_HARFBUZZ: 1
[2023.01.09-03.39.23:406][  0]LogShaderLibrary: Display: Using ../../../Orca/Content/ShaderArchive-Orca-PCD3D_SM5.ushaderbytecode for material shader code. Total 2579 unique shaders.
[2023.01.09-03.39.23:406][  0]LogShaderLibrary: Display: Cooked Context: Using Shared Shader Library Orca
[2023.01.09-03.39.23:406][  0]LogShaderLibrary: Display: Logical shader library 'Orca' has been created, components 1
[2023.01.09-03.39.23:406][  0]LogRHI: Display: Opened pipeline cache after state change and enqueued 0 of 0 tasks for precompile.
[2023.01.09-03.39.23:407][  0]LogShaderLibrary: Display: Using ../../../Orca/Content/ShaderArchive-Orca-PCD3D_SM5.ushaderbytecode for material shader code. Total 2579 unique shaders.
[2023.01.09-03.39.23:407][  0]LogShaderLibrary: Display: Cooked Context: Using Shared Shader Library Orca
[2023.01.09-03.39.23:407][  0]LogRHI: Display: Opened pipeline cache after state change and enqueued 0 of 0 tasks for precompile.
[2023.01.09-03.39.23:407][  0]LogRHI: Display: Failed to open default shader pipeline cache for Orca using shader platform 0.
[2023.01.09-03.39.23:407][  0]LogRHI: Display: Failed to open default shader pipeline cache for Orca using shader platform 0.
[2023.01.09-03.39.23:407][  0]LogInit: Using OS detected language (en-GB).
[2023.01.09-03.39.23:407][  0]LogInit: Using OS detected locale (en-MY).
[2023.01.09-03.39.23:407][  0]LogTextLocalizationManager: No localization for 'en-GB' exists, so 'en' will be used for the language.
[2023.01.09-03.39.23:407][  0]LogTextLocalizationManager: No localization for 'en-MY' exists, so 'en' will be used for the locale.
[2023.01.09-03.39.23:407][  0]LogSlate: FontCache flush requested. Reason: Culture for localization was changed
[2023.01.09-03.39.23:408][  0]LogSlate: FontCache flush requested. Reason: Culture for localization was changed
[2023.01.09-03.39.23:410][  0]LogTextLocalizationManager: Compacting localization data took   1.32ms
[2023.01.09-03.39.23:410][  0]LogAssetRegistry: FAssetRegistry took 0.0021 seconds to start up
[2023.01.09-03.39.23:490][  0]LogStreaming: Display: FlushAsyncLoading: 1 QueuedPackages, 0 AsyncPackages
[2023.01.09-03.39.23:490][  0]LogPackageLocalizationCache: Processed 26 localized package path(s) for 1 prioritized culture(s) in 0.000093 seconds
[2023.01.09-03.39.23:497][  0]LogSerialization: Display: AllowBulkDataInIoStore: 'true'
[2023.01.09-03.39.23:497][  0]LogInit: Selected Device Profile: [WindowsNoEditor]
[2023.01.09-03.39.23:497][  0]LogInit: Active device profile: [000001D90E2A3340][000001D97BC40010 49] WindowsNoEditor
[2023.01.09-03.39.23:497][  0]LogInit: Profiles: [000001D90E2A3640][000001D908490010 49] Windows, [000001D90E2A3340][000001D97BC40010 49] WindowsNoEditor, 
[2023.01.09-03.39.23:519][  0]LogNetVersion: Orca 1.0.0, NetCL: 17155196, EngineNetVer: 17, GameNetVer: 0 (Checksum: 2199906660)
[2023.01.09-03.39.23:563][  0]LogAudioCaptureCore: Display: No Audio Capture implementations found. Audio input will be silent.
[2023.01.09-03.39.23:563][  0]LogAudioCaptureCore: Display: No Audio Capture implementations found. Audio input will be silent.
[2023.01.09-03.39.23:564][  0]LogHMD: PokeAHoleMaterial loaded successfully
[2023.01.09-03.39.23:587][  0]LogMoviePlayer: Initializing movie player
[2023.01.09-03.39.23:587][  0]LogNiagaraDebuggerClient: Niagara Debugger Client Initialized | Session: 49BE0E4B476CBE4B0829EF9B4535D916 | Instance: FF4814C54E4567573517FEA626C81F99 (LAPTOP-2TNDHMA0-61472).
[2023.01.09-03.39.23:588][  0]LogAndroidPermission: UAndroidPermissionCallbackProxy::GetInstance
[2023.01.09-03.39.23:588][  0]LogOcInput: OculusInput pre-init called
[2023.01.09-03.39.23:593][  0]LogUObjectArray: 15787 objects as part of root set at end of initial load.
[2023.01.09-03.39.23:593][  0]LogUObjectArray: 2 objects are not in the root set, but can never be destroyed because they are in the DisregardForGC set.
[2023.01.09-03.39.23:593][  0]LogUObjectAllocator: 3205624 out of 0 bytes used by permanent object pool.
[2023.01.09-03.39.23:593][  0]LogUObjectArray: CloseDisregardForGC: 15787/15787 objects in disregard for GC pool
[2023.01.09-03.39.23:595][  0]LogEngine: Initializing Engine...
[2023.01.09-03.39.23:599][  0]LogHMD: Failed to enumerate extensions. Please check that you have a valid OpenXR runtime installed.
[2023.01.09-03.39.23:599][  0]LogHMD: Failed to initialize OpenVR with code 110
[2023.01.09-03.39.23:600][  0]LogStats: UGameplayTagsManager::InitializeManager -  0.000 s
[2023.01.09-03.39.23:684][  0]LogInit: Initializing FReadOnlyCVARCache
[2023.01.09-03.39.23:684][  0]LogAudio: Display: Initializing Audio Device Manager...
[2023.01.09-03.39.23:684][  0]LogAudio: Display: Loading Default Audio Settings Objects...
[2023.01.09-03.39.23:685][  0]LogAudio: Display: No default SoundConcurrencyObject specified (or failed to load).
[2023.01.09-03.39.23:685][  0]LogAudio: Display: Audio Device Manager Initialized
[2023.01.09-03.39.23:685][  0]LogAudio: Display: Creating Audio Device:                 Id: 1, Scope: Shared, Realtime: True
[2023.01.09-03.39.23:685][  0]LogAudioMixer: Display: Audio Mixer Platform Settings:
[2023.01.09-03.39.23:685][  0]LogAudioMixer: Display: 	Sample Rate:						  48000
[2023.01.09-03.39.23:685][  0]LogAudioMixer: Display: 	Callback Buffer Frame Size Requested: 1024
[2023.01.09-03.39.23:685][  0]LogAudioMixer: Display: 	Callback Buffer Frame Size To Use:	  1024
[2023.01.09-03.39.23:685][  0]LogAudioMixer: Display: 	Number of buffers to queue:			  2
[2023.01.09-03.39.23:685][  0]LogAudioMixer: Display: 	Max Channels (voices):				  32
[2023.01.09-03.39.23:685][  0]LogAudioMixer: Display: 	Number of Async Source Workers:		  0
[2023.01.09-03.39.23:685][  0]LogAudio: Display: AudioDevice MaxSources: 32
[2023.01.09-03.39.23:685][  0]LogAudio: Display: Audio Spatialization Plugin: None (built-in).
[2023.01.09-03.39.23:685][  0]LogAudio: Display: Audio Reverb Plugin: None (built-in).
[2023.01.09-03.39.23:685][  0]LogAudio: Display: Audio Occlusion Plugin: None (built-in).
[2023.01.09-03.39.23:685][  0]LogAudioMixer: Display: Initializing audio mixer.
[2023.01.09-03.39.23:706][  0]LogAudioDebug: Display: Lib vorbis DLL was dynamically loaded.
[2023.01.09-03.39.23:720][  0]LogAudioMixer: Display: 0: FrontLeft
[2023.01.09-03.39.23:720][  0]LogAudioMixer: Display: 1: FrontRight
[2023.01.09-03.39.23:747][  0]LogAudioMixer: Display: Using Audio Device Realtek HD Audio 2nd output (Realtek(R) Audio)
[2023.01.09-03.39.23:748][  0]LogAudioMixer: Display: Initializing Sound Submixes...
[2023.01.09-03.39.23:749][  0]LogAudioMixer: Display: Creating Master Submix 'MasterSubmixDefault'
[2023.01.09-03.39.23:749][  0]LogAudioMixer: Display: Creating Master Submix 'MasterReverbSubmixDefault'
[2023.01.09-03.39.23:750][  0]LogAudioMixer: Display: Creating Master Submix 'MasterEQSubmixDefault'
[2023.01.09-03.39.23:751][  0]LogAudioMixer: FMixerPlatformXAudio2::StartAudioStream() called
[2023.01.09-03.39.23:751][  0]LogAudioMixer: Display: Output buffers initialized: Frames=1024, Channels=2, Samples=2048
[2023.01.09-03.39.23:751][  0]LogAudioMixer: Display: Starting AudioMixerPlatformInterface::RunInternal()
[2023.01.09-03.39.23:751][  0]LogAudioMixer: Display: FMixerPlatformXAudio2::SubmitBuffer() called for the first time
[2023.01.09-03.39.23:751][  0]LogInit: FAudioDevice initialized.
[2023.01.09-03.39.23:752][  0]LogNetVersion: Set ProjectVersion to 1.0.0.0. Version Checksum will be recalculated on next use.
[2023.01.09-03.39.23:752][  0]LogInit: Texture streaming: Enabled
[2023.01.09-03.39.23:754][  0]LogAudio: Display: Audio Device (ID: 1) registered with world 'Untitled'.
[2023.01.09-03.39.23:755][  0]LogSlate: Updating window title bar state: overlay mode, drag disabled, window buttons hidden, title bar hidden
[2023.01.09-03.39.23:756][  0]LogInit: Display: Game Engine Initialized.
[2023.01.09-03.39.23:756][  0]LogInit: Display: Starting Game.
[2023.01.09-03.39.23:756][  0]LogNet: Browse: /Game/Assets/Levels/MainMenu?Name=Player
[2023.01.09-03.39.23:756][  0]LogLoad: LoadMap: /Game/Assets/Levels/MainMenu?Name=Player
[2023.01.09-03.39.23:756][  0]LogWorld: BeginTearingDown for /Temp/Untitled_0
[2023.01.09-03.39.23:758][  0]LogWorld: UWorld::CleanupWorld for Untitled, bSessionEnded=true, bCleanupResources=true
[2023.01.09-03.39.23:758][  0]LogSlate: InvalidateAllWidgets triggered.  All widgets were invalidated
[2023.01.09-03.39.23:761][  0]LogAudio: Display: Audio Device unregistered from world 'None'.
[2023.01.09-03.39.23:763][  0]LogUObjectHash: Compacting FUObjectHashTables data took   0.90ms
[2023.01.09-03.39.23:769][  0]LogAudio: Display: Audio Device (ID: 1) registered with world 'MainMenu'.
[2023.01.09-03.39.23:770][  0]LogAIModule: Creating AISystem for world MainMenu
[2023.01.09-03.39.23:770][  0]LogLoad: Game class is 'GameModeBase'
[2023.01.09-03.39.23:771][  0]LogWorld: Bringing World /Game/Assets/Levels/MainMenu.MainMenu up for play (max tick rate 0) at 2023.01.08-22.39.23
[2023.01.09-03.39.23:771][  0]LogWorld: Bringing up level for play took: 0.000426
[2023.01.09-03.39.23:772][  0]LogGameMode: FindPlayerStart: PATHS NOT DEFINED or NO PLAYERSTART with positive rating
[2023.01.09-03.39.23:774][  0]LogLoad: Took 0.017624 seconds to LoadMap(/Game/Assets/Levels/MainMenu)
[2023.01.09-03.39.23:775][  0]LogSlate: Took 0.000317 seconds to synchronously load lazily loaded font '../../../Engine/Content/EngineFonts/Faces/RobotoBold.ufont' (160K)
[2023.01.09-03.39.23:815][  0]LogSlate: Took 0.000340 seconds to synchronously load lazily loaded font '../../../Engine/Content/Slate/Fonts/Roboto-Regular.ttf' (155K)
[2023.01.09-03.39.23:843][  0]LogRenderer: Reallocating scene render targets to support 1920x1080 Format 10 NumSamples 1 (Frame:1).
[2023.01.09-03.39.23:843][  0]LogRHI: Display: ShaderPipelineCache: Paused Batching. 1
[2023.01.09-03.39.23:843][  0]LogPakFile: AllPaks IndexSizes: DirectoryHashSize=292832, PathHashSize=16, EntriesSize=53248, TotalSize=346096
[2023.01.09-03.39.23:843][  0]LogRHI: Display: ShaderPipelineCache: Resumed Batching. 0
[2023.01.09-03.39.23:844][  0]LogRHI: Display: ShaderPipelineCache: Batching Resumed.
[2023.01.09-03.39.23:844][  0]LogInit: Display: Engine is initialized. Leaving FEngineLoop::Init()
[2023.01.09-03.39.23:844][  0]LogLoad: (Engine Initialization) Total time: 1.41 seconds
[2023.01.09-03.39.23:846][  0]LogContentStreaming: Texture pool size now 1000 MB
[2023.01.09-03.39.23:850][  0]LogSlate: InvalidateAllWidgets triggered.  All widgets were invalidated
[2023.01.09-03.39.23:868][  0]LogSlate: Slate font cache was flushed
[2023.01.09-03.39.23:871][  1]LogSlate: Took 0.000355 seconds to synchronously load lazily loaded font '../../../Engine/Content/Slate/Fonts/Roboto-Regular.ttf' (155K)
[2023.01.09-03.39.23:871][  1]LogSlate: Took 0.000361 seconds to synchronously load lazily loaded font '../../../Engine/Content/EngineFonts/Faces/RobotoBold.ufont' (160K)
[2023.01.09-03.39.28:442][999]LogNet: Browse: /Game/Assets/Levels/Maps/Track1
[2023.01.09-03.39.28:442][999]LogLoad: LoadMap: /Game/Assets/Levels/Maps/Track1
[2023.01.09-03.39.28:442][999]LogWorld: BeginTearingDown for /Game/Assets/Levels/MainMenu
[2023.01.09-03.39.28:443][999]LogWorld: UWorld::CleanupWorld for MainMenu, bSessionEnded=true, bCleanupResources=true
[2023.01.09-03.39.28:443][999]LogSlate: InvalidateAllWidgets triggered.  All widgets were invalidated
[2023.01.09-03.39.28:469][999]LogAudio: Display: Audio Device unregistered from world 'None'.
[2023.01.09-03.39.28:471][999]LogUObjectHash: Compacting FUObjectHashTables data took   0.63ms
[2023.01.09-03.39.28:472][999]LogStreaming: Display: FlushAsyncLoading: 1 QueuedPackages, 0 AsyncPackages
[2023.01.09-03.39.28:517][999]LogAudio: Display: Audio Device (ID: 1) registered with world 'Track1'.
[2023.01.09-03.39.28:518][999]LogAIModule: Creating AISystem for world Track1
[2023.01.09-03.39.28:518][999]LogLoad: Game class is 'GameModeBase'
[2023.01.09-03.39.28:521][999]LogWorld: Bringing World /Game/Assets/Levels/Maps/Track1.Track1 up for play (max tick rate 0) at 2023.01.08-22.39.28
[2023.01.09-03.39.28:522][999]LogWorld: Bringing up level for play took: 0.002431
[2023.01.09-03.39.28:522][999]LogGameMode: FindPlayerStart: PATHS NOT DEFINED or NO PLAYERSTART with positive rating
[2023.01.09-03.39.28:524][999]LogBlueprintUserMessages: [BP_PlayerVehicle] 0
[2023.01.09-03.39.28:524][999]LogScript: Warning: Script Msg: Attempted to access index 0 from array 'CallFunc_GetAllWidgetsOfClass_FoundWidgets' of length 0 in '/Game/Assets/Blueprints/BP_PlayerVehicle.BP_PlayerVehicle_C:ExecuteUbergraph_BP_PlayerVehicle'!
[2023.01.09-03.39.28:526][999]LogLoad: Took 0.083858 seconds to LoadMap(/Game/Assets/Levels/Maps/Track1)
[2023.01.09-03.39.37:726][762]LogSlate: Request Window 'Orca (64-bit Development PCD3D_SM5) ' being destroyed
[2023.01.09-03.39.37:764][762]LogSlate: Window 'Orca (64-bit Development PCD3D_SM5) ' being destroyed
[2023.01.09-03.39.37:765][762]LogWindowsTextInputMethodSystem: Display: IME system deactivated.
[2023.01.09-03.39.37:788][763]LogSlate: Updating window title bar state: overlay mode, drag disabled, window buttons hidden, title bar hidden
[2023.01.09-03.39.37:788][763]LogEngine: All Windows Closed
[2023.01.09-03.39.37:788][763]LogWindows: FPlatformMisc::RequestExit(0)
[2023.01.09-03.39.37:788][763]LogWindows: FPlatformMisc::RequestExitWithStatus(0, 0)
[2023.01.09-03.39.37:788][763]LogCore: Engine exit requested (reason: Win RequestExit)
[2023.01.09-03.39.37:788][764]LogCore: Engine exit requested (reason: EngineExit() was called; note: exit was already requested)
[2023.01.09-03.39.37:788][764]LogInit: Display: PreExit Game.
[2023.01.09-03.39.37:820][764]LogWorld: BeginTearingDown for /Game/Assets/Levels/Maps/Track1
[2023.01.09-03.39.37:820][764]LogWorld: UWorld::CleanupWorld for Track1, bSessionEnded=true, bCleanupResources=true
[2023.01.09-03.39.37:821][764]LogSlate: InvalidateAllWidgets triggered.  All widgets were invalidated
[2023.01.09-03.39.38:609][764]LogAudio: Display: Beginning Audio Device Manager Shutdown (Module: AudioMixerXAudio2)...
[2023.01.09-03.39.38:609][764]LogAudio: Display: Destroying 1 Remaining Audio Device(s)...
[2023.01.09-03.39.38:609][764]LogAudio: Display: Audio Device unregistered from world 'Track1'.
[2023.01.09-03.39.38:649][764]LogAudioMixer: FMixerPlatformXAudio2::StopAudioStream() called
[2023.01.09-03.39.38:649][764]LogAudioMixer: FMixerPlatformXAudio2::StopAudioStream() called
[2023.01.09-03.39.38:655][764]LogAudio: Display: Audio Device Manager Shutdown
[2023.01.09-03.39.38:658][764]LogExit: Preparing to exit.
[2023.01.09-03.39.38:658][764]LogMoviePlayer: Shutting down movie player
[2023.01.09-03.39.38:661][764]LogSlate: Updating window title bar state: overlay mode, drag disabled, window buttons hidden, title bar hidden
[2023.01.09-03.39.38:676][764]LogDemo: Cleaned up 0 splitscreen connections with owner deletion
[2023.01.09-03.39.38:677][764]LogExit: Game engine shut down
[2023.01.09-03.39.38:693][764]LogExit: Object subsystem successfully closed.
[2023.01.09-03.39.38:703][764]LogModuleManager: Shutting down and abandoning module AutomationController (360)
[2023.01.09-03.39.38:703][764]LogModuleManager: Shutting down and abandoning module AutomationWorker (358)
[2023.01.09-03.39.38:703][764]LogModuleManager: Shutting down and abandoning module Voice (356)
[2023.01.09-03.39.38:703][764]LogModuleManager: Shutting down and abandoning module AIModule (354)
[2023.01.09-03.39.38:703][764]LogModuleManager: Shutting down and abandoning module GameplayDebugger (353)
[2023.01.09-03.39.38:703][764]LogModuleManager: Shutting down and abandoning module NavigationSystem (351)
[2023.01.09-03.39.38:703][764]LogModuleManager: Shutting down and abandoning module WebMMediaFactory (348)
[2023.01.09-03.39.38:703][764]LogModuleManager: Shutting down and abandoning module WebMMedia (346)
[2023.01.09-03.39.38:703][764]LogModuleManager: Shutting down and abandoning module OpenXRInput (344)
[2023.01.09-03.39.38:703][764]LogModuleManager: Shutting down and abandoning module OculusMR (342)
[2023.01.09-03.39.38:703][764]LogModuleManager: Shutting down and abandoning module WmfMediaFactory (340)
[2023.01.09-03.39.38:703][764]LogModuleManager: Shutting down and abandoning module OpenExrWrapper (338)
[2023.01.09-03.39.38:703][764]LogModuleManager: Shutting down and abandoning module ImgMediaFactory (336)
[2023.01.09-03.39.38:703][764]LogModuleManager: Shutting down and abandoning module AvfMediaFactory (334)
[2023.01.09-03.39.38:703][764]LogModuleManager: Shutting down and abandoning module CharacterAI (332)
[2023.01.09-03.39.38:703][764]LogModuleManager: Shutting down and abandoning module PlanarCut (330)
[2023.01.09-03.39.38:703][764]LogModuleManager: Shutting down and abandoning module SessionServices (328)
[2023.01.09-03.39.38:703][764]LogModuleManager: Shutting down and abandoning module LiveCoding (326)
[2023.01.09-03.39.38:703][764]LogModuleManager: Shutting down and abandoning module LevelSequence (324)
[2023.01.09-03.39.38:703][764]LogModuleManager: Shutting down and abandoning module MovieSceneTracks (322)
[2023.01.09-03.39.38:703][764]LogModuleManager: Shutting down and abandoning module MovieScene (320)
[2023.01.09-03.39.38:703][764]LogModuleManager: Shutting down and abandoning module StreamingPauseRendering (318)
[2023.01.09-03.39.38:703][764]LogModuleManager: Shutting down and abandoning module AudioMixerXAudio2 (316)
[2023.01.09-03.39.38:703][764]LogModuleManager: Shutting down and abandoning module AudioMixerCore (315)
[2023.01.09-03.39.38:703][764]LogModuleManager: Shutting down and abandoning module ImageWriteQueue (312)
[2023.01.09-03.39.38:704][764]LogModuleManager: Shutting down and abandoning module ProfilerService (310)
[2023.01.09-03.39.38:870][764]LogModuleManager: Shutting down and abandoning module TaskGraph (308)
[2023.01.09-03.39.38:870][764]LogModuleManager: Shutting down and abandoning module Synthesis (306)
[2023.01.09-03.39.38:870][764]LogModuleManager: Shutting down and abandoning module TakeMovieScene (304)
[2023.01.09-03.39.38:870][764]LogModuleManager: Shutting down and abandoning module LiveLinkMovieScene (302)
[2023.01.09-03.39.38:870][764]LogModuleManager: Shutting down and abandoning module LiveLinkComponents (300)
[2023.01.09-03.39.38:870][764]LogModuleManager: Shutting down and abandoning module LiveLink (298)
[2023.01.09-03.39.39:598][764]LogModuleManager: Shutting down and abandoning module OculusInput (296)
[2023.01.09-03.39.39:598][764]LogModuleManager: Shutting down and abandoning module MobilePatchingUtils (294)
[2023.01.09-03.39.39:598][764]LogModuleManager: Shutting down and abandoning module GooglePAD (292)
[2023.01.09-03.39.39:598][764]LogModuleManager: Shutting down and abandoning module CustomMeshComponent (290)
[2023.01.09-03.39.39:598][764]LogModuleManager: Shutting down and abandoning module CableComponent (288)
[2023.01.09-03.39.39:598][764]LogModuleManager: Shutting down and abandoning module AudioCapture (286)
[2023.01.09-03.39.39:598][764]LogModuleManager: Shutting down and abandoning module AudioCaptureRtAudio (285)
[2023.01.09-03.39.39:598][764]LogModuleManager: Shutting down and abandoning module AssetTags (282)
[2023.01.09-03.39.39:598][764]LogModuleManager: Shutting down and abandoning module ArchVisCharacter (280)
[2023.01.09-03.39.39:598][764]LogModuleManager: Shutting down and abandoning module AppleImageUtils (278)
[2023.01.09-03.39.39:598][764]LogModuleManager: Shutting down and abandoning module AndroidPermission (276)
[2023.01.09-03.39.39:598][764]LogModuleManager: Shutting down and abandoning module ActorLayerUtilities (274)
[2023.01.09-03.39.39:598][764]LogModuleManager: Shutting down and abandoning module MediaCompositing (272)
[2023.01.09-03.39.39:598][764]LogModuleManager: Shutting down and abandoning module ImgMedia (270)
[2023.01.09-03.39.39:598][764]LogModuleManager: Shutting down and abandoning module MagicLeapLightEstimation (268)
[2023.01.09-03.39.39:598][764]LogModuleManager: Shutting down and abandoning module MagicLeapHelperVulkan (266)
[2023.01.09-03.39.39:598][764]LogModuleManager: Shutting down and abandoning module MagicLeapHelperOpenGL (264)
[2023.01.09-03.39.39:598][764]LogModuleManager: Shutting down and abandoning module MagicLeapAudio (262)
[2023.01.09-03.39.39:598][764]LogModuleManager: Shutting down and abandoning module MagicLeapSharedWorld (260)
[2023.01.09-03.39.39:598][764]LogModuleManager: Shutting down and abandoning module OpenImageDenoise (258)
[2023.01.09-03.39.39:598][764]LogModuleManager: Shutting down and abandoning module MotoSynth (256)
[2023.01.09-03.39.39:598][764]LogModuleManager: Shutting down and abandoning module ChaosNiagara (254)
[2023.01.09-03.39.39:598][764]LogModuleManager: Shutting down and abandoning module ProceduralMeshComponent (252)
[2023.01.09-03.39.39:598][764]LogModuleManager: Shutting down and abandoning module GeometryCollectionTracks (250)
[2023.01.09-03.39.39:598][764]LogModuleManager: Shutting down and abandoning module EditableMesh (248)
[2023.01.09-03.39.39:598][764]LogModuleManager: Shutting down and abandoning module MeshConversion (246)
[2023.01.09-03.39.39:598][764]LogModuleManager: Shutting down and abandoning module DynamicMesh (244)
[2023.01.09-03.39.39:598][764]LogModuleManager: Shutting down and abandoning module GeometryAlgorithms (242)
[2023.01.09-03.39.39:598][764]LogModuleManager: Shutting down and abandoning module GeometricObjects (240)
[2023.01.09-03.39.39:599][764]LogModuleManager: Shutting down and abandoning module BackChannel (238)
[2023.01.09-03.39.39:599][764]LogModuleManager: Shutting down and abandoning module AutomationUtils (236)
[2023.01.09-03.39.39:599][764]LogModuleManager: Shutting down and abandoning module GeometryCacheTracks (234)
[2023.01.09-03.39.39:599][764]LogModuleManager: Shutting down and abandoning module GeometryCache (232)
[2023.01.09-03.39.39:599][764]LogModuleManager: Shutting down and abandoning module UObjectPlugin (230)
[2023.01.09-03.39.39:599][764]LogModuleManager: Shutting down and abandoning module OodleNetworkHandlerComponent (228)
[2023.01.09-03.39.39:599][764]LogModuleManager: Shutting down and abandoning module TemplateSequence (226)
[2023.01.09-03.39.39:599][764]LogModuleManager: Shutting down and abandoning module Orca (224)
[2023.01.09-03.39.39:599][764]LogModuleManager: Shutting down and abandoning module AudioSynesthesia (222)
[2023.01.09-03.39.39:599][764]LogModuleManager: Shutting down and abandoning module AudioSynesthesiaCore (220)
[2023.01.09-03.39.39:599][764]LogModuleManager: Shutting down and abandoning module SoundFields (218)
[2023.01.09-03.39.39:599][764]LogModuleManager: Shutting down and abandoning module RuntimePhysXCooking (216)
[2023.01.09-03.39.39:599][764]LogModuleManager: Shutting down and abandoning module LocationServicesBPLibrary (212)
[2023.01.09-03.39.39:599][764]LogModuleManager: Shutting down and abandoning module ActorSequence (210)
[2023.01.09-03.39.39:599][764]LogModuleManager: Shutting down and abandoning module UdpMessaging (208)
[2023.01.09-03.39.39:599][764]LogModuleManager: Shutting down and abandoning module TcpMessaging (206)
[2023.01.09-03.39.39:599][764]LogModuleManager: Shutting down and abandoning module ImgMediaEngine (204)
[2023.01.09-03.39.39:599][764]LogModuleManager: Shutting down and abandoning module MagicLeapHandMeshing (202)
[2023.01.09-03.39.39:599][764]LogModuleManager: Shutting down and abandoning module MagicLeapSecureStorage (200)
[2023.01.09-03.39.39:599][764]LogModuleManager: Shutting down and abandoning module MagicLeapPrivileges (198)
[2023.01.09-03.39.39:599][764]LogModuleManager: Shutting down and abandoning module MagicLeapPlanes (196)
[2023.01.09-03.39.39:599][764]LogModuleManager: Shutting down and abandoning module MagicLeapImageTracker (194)
[2023.01.09-03.39.39:599][764]LogModuleManager: Shutting down and abandoning module MagicLeapIdentity (192)
[2023.01.09-03.39.39:599][764]LogModuleManager: Shutting down and abandoning module MagicLeapHandTracking (190)
[2023.01.09-03.39.39:599][764]LogModuleManager: Shutting down and abandoning module MagicLeapEyeTracker (188)
[2023.01.09-03.39.39:599][764]LogModuleManager: Shutting down and abandoning module MagicLeapController (186)
[2023.01.09-03.39.39:599][764]LogModuleManager: Shutting down and abandoning module MagicLeapARPinImpl (184)
[2023.01.09-03.39.39:599][764]LogModuleManager: Shutting down and abandoning module MagicLeapAR (182)
[2023.01.09-03.39.39:599][764]LogModuleManager: Shutting down and abandoning module MagicLeapARPin (180)
[2023.01.09-03.39.39:599][764]LogModuleManager: Shutting down and abandoning module NiagaraAnimNotifies (178)
[2023.01.09-03.39.39:599][764]LogModuleManager: Shutting down and abandoning module Niagara (176)
[2023.01.09-03.39.39:599][764]LogModuleManager: Shutting down and abandoning module SignalProcessing (175)
[2023.01.09-03.39.39:599][764]LogModuleManager: Shutting down and abandoning module NiagaraCore (172)
[2023.01.09-03.39.39:599][764]LogModuleManager: Shutting down and abandoning module FacialAnimation (170)
[2023.01.09-03.39.39:599][764]LogModuleManager: Shutting down and abandoning module SignificanceManager (168)
[2023.01.09-03.39.39:599][764]LogModuleManager: Shutting down and abandoning module AnimationSharing (166)
[2023.01.09-03.39.39:599][764]LogModuleManager: Shutting down and abandoning module GameplayCameras (164)
[2023.01.09-03.39.39:599][764]LogModuleManager: Shutting down and abandoning module LightPropagationVolumeRuntime (162)
[2023.01.09-03.39.39:599][764]LogModuleManager: Shutting down and abandoning module Paper2D (160)
[2023.01.09-03.39.39:599][764]LogModuleManager: Shutting down and abandoning module WindowsMoviePlayer (158)
[2023.01.09-03.39.39:599][764]LogModuleManager: Shutting down and abandoning module WebMMoviePlayer (156)
[2023.01.09-03.39.39:599][764]LogModuleManager: Shutting down and abandoning module NetworkReplayStreaming (154)
[2023.01.09-03.39.39:599][764]LogModuleManager: Shutting down and abandoning module PacketHandler (152)
[2023.01.09-03.39.39:599][764]LogModuleManager: Shutting down and abandoning module ClothingSystemRuntimeNv (150)
[2023.01.09-03.39.39:599][764]LogModuleManager: Shutting down and abandoning module MediaAssets (148)
[2023.01.09-03.39.39:599][764]LogModuleManager: Shutting down and abandoning module Overlay (146)
[2023.01.09-03.39.39:599][764]LogModuleManager: Shutting down and abandoning module FunctionalTesting (144)
[2023.01.09-03.39.39:599][764]LogModuleManager: Shutting down and abandoning module MessageLog (142)
[2023.01.09-03.39.39:600][764]LogModuleManager: Shutting down and abandoning module UMG (140)
[2023.01.09-03.39.39:600][764]LogModuleManager: Shutting down and abandoning module SlateReflector (138)
[2023.01.09-03.39.39:600][764]LogModuleManager: Shutting down and abandoning module Slate (136)
[2023.01.09-03.39.39:600][764]LogModuleManager: Shutting down and abandoning module SlateCore (134)
[2023.01.09-03.39.39:600][764]LogModuleManager: Shutting down and abandoning module MRMesh (132)
[2023.01.09-03.39.39:600][764]LogModuleManager: Shutting down and abandoning module Messaging (130)
[2023.01.09-03.39.39:600][764]LogModuleManager: Shutting down and abandoning module HeadMountedDisplay (128)
[2023.01.09-03.39.39:600][764]LogModuleManager: Shutting down and abandoning module XAudio2 (126)
[2023.01.09-03.39.39:600][764]LogModuleManager: Shutting down and abandoning module Networking (124)
[2023.01.09-03.39.39:600][764]LogModuleManager: Shutting down and abandoning module Core (122)
[2023.01.09-03.39.39:600][764]LogModuleManager: Shutting down and abandoning module FieldSystemEngine (120)
[2023.01.09-03.39.39:600][764]LogModuleManager: Shutting down and abandoning module ImageWrapper (116)
[2023.01.09-03.39.39:600][764]LogModuleManager: Shutting down and abandoning module D3D11RHI (114)
[2023.01.09-03.39.39:600][764]LogModuleManager: Shutting down and abandoning module InputCore (112)
[2023.01.09-03.39.39:600][764]LogModuleManager: Shutting down and abandoning module Settings (110)
[2023.01.09-03.39.39:600][764]LogModuleManager: Shutting down and abandoning module PhysXCooking (108)
[2023.01.09-03.39.39:601][764]LogModuleManager: Shutting down and abandoning module Chaos (106)
[2023.01.09-03.39.39:601][764]LogModuleManager: Shutting down and abandoning module WindowsPlatformFeatures (104)
[2023.01.09-03.39.39:601][764]LogModuleManager: Shutting down and abandoning module GameplayMediaEncoder (103)
[2023.01.09-03.39.39:601][764]LogModuleManager: Shutting down and abandoning module AVEncoder (102)
[2023.01.09-03.39.39:601][764]LogModuleManager: Shutting down and abandoning module SteamVRInputDevice (98)
[2023.01.09-03.39.39:601][764]LogModuleManager: Shutting down and abandoning module SteamVRInput (96)
[2023.01.09-03.39.39:601][764]LogModuleManager: Shutting down and abandoning module SteamVR (94)
[2023.01.09-03.39.39:601][764]LogHMD: Freeing OpenVRDLLHandle.
[2023.01.09-03.39.39:601][764]LogModuleManager: Shutting down and abandoning module OpenXRHandTracking (92)
[2023.01.09-03.39.39:601][764]LogSlate: Slate User Destroyed.  User Index 0, Is Virtual User: 0
[2023.01.09-03.39.39:601][764]LogModuleManager: Shutting down and abandoning module OpenXRAR (90)
[2023.01.09-03.39.39:601][764]LogModuleManager: Shutting down and abandoning module AugmentedReality (89)
[2023.01.09-03.39.39:601][764]LogModuleManager: Shutting down and abandoning module OpenXRHMD (86)
[2023.01.09-03.39.39:601][764]LogModuleManager: Shutting down and abandoning module OpenXREyeTracker (84)
[2023.01.09-03.39.39:601][764]LogModuleManager: Shutting down and abandoning module OculusHMD (82)
[2023.01.09-03.39.39:601][764]LogModuleManager: Shutting down and abandoning module ExampleDeviceProfileSelector (80)
[2023.01.09-03.39.39:601][764]LogModuleManager: Shutting down and abandoning module ChunkDownloader (78)
[2023.01.09-03.39.39:601][764]LogModuleManager: Shutting down and abandoning module LauncherChunkInstaller (76)
[2023.01.09-03.39.39:601][764]LogModuleManager: Shutting down and abandoning module OnlineSubsystem (72)
[2023.01.09-03.39.39:601][764]LogModuleManager: Shutting down and abandoning module HTTP (67)
[2023.01.09-03.39.39:601][764]LogHttp: Display: cleaning up 0 outstanding Http requests.
[2023.01.09-03.39.39:633][764]LogModuleManager: Shutting down and abandoning module SSL (66)
[2023.01.09-03.39.39:633][764]LogModuleManager: Shutting down and abandoning module WmfMedia (62)
[2023.01.09-03.39.39:634][764]LogModuleManager: Shutting down and abandoning module Media (61)
[2023.01.09-03.39.39:634][764]LogModuleManager: Shutting down and abandoning module MediaInfo (60)
[2023.01.09-03.39.39:634][764]LogModuleManager: Shutting down and abandoning module ExrReaderGpu (56)
[2023.01.09-03.39.39:634][764]LogModuleManager: Shutting down and abandoning module MLSDK (54)
[2023.01.09-03.39.39:634][764]LogModuleManager: Shutting down and abandoning module MagicLeap (52)
[2023.01.09-03.39.39:634][764]LogModuleManager: Shutting down and abandoning module NiagaraVertexFactories (50)
[2023.01.09-03.39.39:634][764]LogModuleManager: Shutting down and abandoning module NiagaraShader (48)
[2023.01.09-03.39.39:634][764]LogModuleManager: Shutting down and abandoning module ChaosCloth (46)
[2023.01.09-03.39.39:634][764]LogModuleManager: Shutting down and abandoning module VariantManagerContent (44)
[2023.01.09-03.39.39:634][764]LogModuleManager: Shutting down and abandoning module DatasmithContent (42)
[2023.01.09-03.39.39:634][764]LogModuleManager: Shutting down and abandoning module PixWinPlugin (40)
[2023.01.09-03.39.39:634][764]LogModuleManager: Shutting down and abandoning module AISupportModule (38)
[2023.01.09-03.39.39:634][764]LogModuleManager: Shutting down and abandoning module PlatformCryptoOpenSSL (36)
[2023.01.09-03.39.39:634][764]LogModuleManager: Shutting down and abandoning module PlatformCryptoTypes (34)
[2023.01.09-03.39.39:634][764]LogModuleManager: Shutting down and abandoning module PlatformCrypto (32)
[2023.01.09-03.39.39:634][764]LogModuleManager: Shutting down and abandoning module PythonScriptPluginPreload (30)
[2023.01.09-03.39.39:634][764]LogModuleManager: Shutting down and abandoning module OodleDataCompressionFormat (28)
[2023.01.09-03.39.39:634][764]LogModuleManager: Shutting down and abandoning module RenderCore (26)
[2023.01.09-03.39.39:634][764]LogModuleManager: Shutting down and abandoning module Landscape (24)
[2023.01.09-03.39.39:634][764]LogModuleManager: Shutting down and abandoning module SlateRHIRenderer (22)
[2023.01.09-03.39.39:635][764]LogModuleManager: Shutting down and abandoning module AnimGraphRuntime (20)
[2023.01.09-03.39.39:635][764]LogModuleManager: Shutting down and abandoning module Renderer (18)
[2023.01.09-03.39.39:635][764]LogModuleManager: Shutting down and abandoning module Engine (16)
[2023.01.09-03.39.39:635][764]LogModuleManager: Shutting down and abandoning module CoreUObject (14)
[2023.01.09-03.39.39:635][764]LogModuleManager: Shutting down and abandoning module NetworkFile (12)
[2023.01.09-03.39.39:635][764]LogModuleManager: Shutting down and abandoning module CookedIterativeFile (10)
[2023.01.09-03.39.39:635][764]LogModuleManager: Shutting down and abandoning module StreamingFile (8)
[2023.01.09-03.39.39:635][764]LogModuleManager: Shutting down and abandoning module SandboxFile (6)
[2023.01.09-03.39.39:635][764]LogModuleManager: Shutting down and abandoning module PakFile (4)
[2023.01.09-03.39.39:636][764]LogModuleManager: Shutting down and abandoning module RSA (3)
[2023.01.09-03.39.39:636][764]LogContentStreaming: Display: There are 1 unreleased StreamingManagers
[2023.01.09-03.39.39:641][764]LogD3D11RHI: Shutdown
[2023.01.09-03.39.39:641][764]LogD3D11RHI: CleanupD3DDevice
[2023.01.09-03.39.39:642][764]LogExit: Exiting.
[2023.01.09-03.39.39:650][764]Log file closed, 01/08/23 22:39:39
